  main.cpp
C:\Users\Mathieu\Documents\Projet Raytracer\ProjectRayTracer\ProjetRaytracer\main.cpp(96,50): warning C4244: 'argument': conversion from 'double' to 'sf::Uint8', possible loss of data
C:\Users\Mathieu\Documents\Projet Raytracer\ProjectRayTracer\ProjetRaytracer\main.cpp(95,50): warning C4244: 'argument': conversion from 'double' to 'sf::Uint8', possible loss of data
C:\Users\Mathieu\Documents\Projet Raytracer\ProjectRayTracer\ProjetRaytracer\main.cpp(94,69): warning C4244: 'argument': conversion from 'double' to 'sf::Uint8', possible loss of data
C:\Users\Mathieu\Documents\Projet Raytracer\ProjectRayTracer\ProjetRaytracer\main.cpp(176,46): warning C4244: 'argument': conversion from 'double' to 'sf::Uint8', possible loss of data
C:\Users\Mathieu\Documents\Projet Raytracer\ProjectRayTracer\ProjetRaytracer\main.cpp(175,46): warning C4244: 'argument': conversion from 'double' to 'sf::Uint8', possible loss of data
C:\Users\Mathieu\Documents\Projet Raytracer\ProjectRayTracer\ProjetRaytracer\main.cpp(174,59): warning C4244: 'argument': conversion from 'double' to 'sf::Uint8', possible loss of data
C:\Users\Mathieu\Documents\Projet Raytracer\ProjectRayTracer\ProjetRaytracer\main.cpp(198,55): warning C4244: 'argument': conversion from 'double' to 'sf::Uint8', possible loss of data
C:\Users\Mathieu\Documents\Projet Raytracer\ProjectRayTracer\ProjetRaytracer\main.cpp(197,55): warning C4244: 'argument': conversion from 'double' to 'sf::Uint8', possible loss of data
C:\Users\Mathieu\Documents\Projet Raytracer\ProjectRayTracer\ProjetRaytracer\main.cpp(196,69): warning C4244: 'argument': conversion from 'double' to 'sf::Uint8', possible loss of data
C:\Users\Mathieu\Documents\Projet Raytracer\ProjectRayTracer\ProjetRaytracer\main.cpp(297,31): warning C4244: 'argument': conversion from 'time_t' to 'unsigned int', possible loss of data
C:\Users\Mathieu\Documents\Projet Raytracer\ProjectRayTracer\ProjetRaytracer\main.cpp(411,43): warning C4244: '=': conversion from 'double' to 'sf::Uint8', possible loss of data
C:\Users\Mathieu\Documents\Projet Raytracer\ProjectRayTracer\ProjetRaytracer\main.cpp(412,47): warning C4244: '=': conversion from 'double' to 'sf::Uint8', possible loss of data
C:\Users\Mathieu\Documents\Projet Raytracer\ProjectRayTracer\ProjetRaytracer\main.cpp(413,47): warning C4244: '=': conversion from 'double' to 'sf::Uint8', possible loss of data
C:\Users\Mathieu\Documents\Projet Raytracer\ProjectRayTracer\ProjetRaytracer\main.cpp(341): warning C4723: potential divide by 0
C:\Users\Mathieu\Documents\Projet Raytracer\ProjectRayTracer\ProjetRaytracer\main.cpp(340): warning C4723: potential divide by 0
C:\Users\Mathieu\Documents\Projet Raytracer\ProjectRayTracer\ProjetRaytracer\main.cpp(335): warning C4723: potential divide by 0
C:\Users\Mathieu\Documents\Projet Raytracer\ProjectRayTracer\ProjetRaytracer\main.cpp(334): warning C4723: potential divide by 0
C:\Users\Mathieu\Documents\Projet Raytracer\ProjectRayTracer\ProjetRaytracer\main.cpp(329): warning C4723: potential divide by 0
C:\Users\Mathieu\Documents\Projet Raytracer\ProjectRayTracer\ProjetRaytracer\main.cpp(328): warning C4723: potential divide by 0
  ProjetRaytracer.vcxproj -> C:\Users\Mathieu\Documents\Projet Raytracer\ProjectRayTracer\x64\Debug\ProjetRaytracer.exe
