  main.cpp
C:\Users\Mathieu\Documents\Projet Raytracer\ProjectRayTracer\ProjetRaytracer\main.cpp(97,50): warning C4244: 'argument': conversion from 'double' to 'sf::Uint8', possible loss of data
C:\Users\Mathieu\Documents\Projet Raytracer\ProjectRayTracer\ProjetRaytracer\main.cpp(96,50): warning C4244: 'argument': conversion from 'double' to 'sf::Uint8', possible loss of data
C:\Users\Mathieu\Documents\Projet Raytracer\ProjectRayTracer\ProjetRaytracer\main.cpp(95,69): warning C4244: 'argument': conversion from 'double' to 'sf::Uint8', possible loss of data
C:\Users\Mathieu\Documents\Projet Raytracer\ProjectRayTracer\ProjetRaytracer\main.cpp(177,46): warning C4244: 'argument': conversion from 'double' to 'sf::Uint8', possible loss of data
C:\Users\Mathieu\Documents\Projet Raytracer\ProjectRayTracer\ProjetRaytracer\main.cpp(176,46): warning C4244: 'argument': conversion from 'double' to 'sf::Uint8', possible loss of data
C:\Users\Mathieu\Documents\Projet Raytracer\ProjectRayTracer\ProjetRaytracer\main.cpp(175,59): warning C4244: 'argument': conversion from 'double' to 'sf::Uint8', possible loss of data
C:\Users\Mathieu\Documents\Projet Raytracer\ProjectRayTracer\ProjetRaytracer\main.cpp(199,55): warning C4244: 'argument': conversion from 'double' to 'sf::Uint8', possible loss of data
C:\Users\Mathieu\Documents\Projet Raytracer\ProjectRayTracer\ProjetRaytracer\main.cpp(198,55): warning C4244: 'argument': conversion from 'double' to 'sf::Uint8', possible loss of data
C:\Users\Mathieu\Documents\Projet Raytracer\ProjectRayTracer\ProjetRaytracer\main.cpp(197,69): warning C4244: 'argument': conversion from 'double' to 'sf::Uint8', possible loss of data
C:\Users\Mathieu\Documents\Projet Raytracer\ProjectRayTracer\ProjetRaytracer\main.cpp(298,31): warning C4244: 'argument': conversion from 'time_t' to 'unsigned int', possible loss of data
C:\Users\Mathieu\Documents\Projet Raytracer\ProjectRayTracer\ProjetRaytracer\main.cpp(412,43): warning C4244: '=': conversion from 'double' to 'sf::Uint8', possible loss of data
C:\Users\Mathieu\Documents\Projet Raytracer\ProjectRayTracer\ProjetRaytracer\main.cpp(413,47): warning C4244: '=': conversion from 'double' to 'sf::Uint8', possible loss of data
C:\Users\Mathieu\Documents\Projet Raytracer\ProjectRayTracer\ProjetRaytracer\main.cpp(414,47): warning C4244: '=': conversion from 'double' to 'sf::Uint8', possible loss of data
  Generating code
  4 of 239 functions ( 1.7%) were compiled, the rest were copied from previous compilation.
    2 functions were new in current compilation
    9 functions had inline decision re-evaluated but remain unchanged
  Finished generating code
  ProjetRaytracer.vcxproj -> C:\Users\Mathieu\Documents\Projet Raytracer\ProjectRayTracer\x64\Release\ProjetRaytracer.exe
